[thor003:3405001:0:3405001] Caught signal 11 (Segmentation fault: invalid permissions for mapped object at address 0x1523a0052000)
==== backtrace (tid:3405001) ====
 0 0x0000000000012c20 .annobin_sigaction.c()  sigaction.c:0
 1 0x00000000001606d3 __memmove_avx_unaligned_erms()  :0
 2 0x000000000004280c non_overlap_copy_content_same_ddt()  opal_datatype_copy.c:0
 3 0x0000000000063288 ompi_datatype_sndrcv()  ???:0
 4 0x0000000000007681 NBC_Start()  ???:0
 5 0x0000000000018438 ompi_coll_libnbc_ireduce()  ???:0
 6 0x0000000000085c8e PMPI_Ireduce()  ???:0
 7 0x000000000040755b get_coll_config_info()  overlap_ireduce.c:0
 8 0x0000000000408086 time_driven_loop()  ???:0
 9 0x000000000040a36f main()  ???:0
10 0x0000000000023493 __libc_start_main()  ???:0
11 0x0000000000400f7e _start()  ???:0
=================================
[thor003:3405001] *** Process received signal ***
[thor003:3405001] Signal: Segmentation fault (11)
[thor003:3405001] Signal code:  (-6)
[thor003:3405001] Failing at address: 0x276e0033f4c9
[thor003:3405001] [ 0] /lib64/libpthread.so.0(+0x12c20)[0x1523b96e7c20]
[thor003:3405001] [ 1] /lib64/libc.so.6(+0x1606d3)[0x1523b94706d3]
[thor003:3405001] [ 2] /global/home/users/bwilliams/ompi_x86/build/lib/libopen-pal.so.40(+0x4280c)[0x1523b8bed80c]
[thor003:3405001] [ 3] /global/home/users/bwilliams/ompi_x86/build/lib/libmpi.so.40(ompi_datatype_sndrcv+0x4f8)[0x1523b9958288]
[thor003:3405001] [ 4] /global/home/users/bwilliams/ompi_x86/build/lib/openmpi/mca_coll_libnbc.so(NBC_Start+0xe1)[0x1523a6022681]
[thor003:3405001] [ 5] /global/home/users/bwilliams/ompi_x86/build/lib/openmpi/mca_coll_libnbc.so(ompi_coll_libnbc_ireduce+0x38)[0x1523a6033438]
[thor003:3405001] [ 6] /global/home/users/bwilliams/ompi_x86/build/lib/libmpi.so.40(PMPI_Ireduce+0x14e)[0x1523b997ac8e]
[thor003:3405001] [ 7] /global/home/users/bwilliams/openhpca/build/install/overlap/overlap/overlap_ireduce[0x40755b]
[thor003:3405001] [ 8] /global/home/users/bwilliams/openhpca/build/install/overlap/overlap/overlap_ireduce[0x408086]
[thor003:3405001] [ 9] /global/home/users/bwilliams/openhpca/build/install/overlap/overlap/overlap_ireduce[0x40a36f]
[thor003:3405001] [10] /lib64/libc.so.6(__libc_start_main+0xf3)[0x1523b9333493]
[thor003:3405001] [11] /global/home/users/bwilliams/openhpca/build/install/overlap/overlap/overlap_ireduce[0x400f7e]
[thor003:3405001] *** End of error message ***
--------------------------------------------------------------------------
Primary job  terminated normally, but 1 process returned
a non-zero exit code. Per user-direction, the job has been aborted.
--------------------------------------------------------------------------
--------------------------------------------------------------------------
mpirun noticed that process rank 2 with PID 3405001 on node thor003 exited on signal 11 (Segmentation fault).
--------------------------------------------------------------------------
