[thor022:628661:0:628661]        rndv.c:459  Assertion `status == UCS_OK' failed

/global/home/users/bwilliams/ucx_x86/src/ucp/rndv/rndv.c: [ ucp_rndv_progress_rma_zcopy_common() ]
      ...
      456 
      457     if (req->send.mdesc == NULL) {
      458         status = ucp_send_request_add_reg_lane(req, lane);
==>   459         ucs_assert_always(status == UCS_OK);
      460     }
      461 
      462     rsc_index = ucp_ep_get_rsc_index(ep, lane);

==== backtrace (tid: 628661) ====
 0 0x0000000000068860 ucp_rndv_progress_rma_zcopy_common()  /global/home/users/bwilliams/ucx_x86/src/ucp/rndv/rndv.c:459
 1 0x0000000000068860 ucp_rndv_progress_rma_zcopy_common()  /global/home/users/bwilliams/ucx_x86/src/ucp/rndv/rndv.c:491
 2 0x0000000000069bf9 ucp_request_try_send()  /global/home/users/bwilliams/ucx_x86/src/ucp/core/ucp_request.inl:302
 3 0x0000000000069bf9 ucp_request_send()  /global/home/users/bwilliams/ucx_x86/src/ucp/core/ucp_request.inl:327
 4 0x0000000000069bf9 ucp_rndv_req_send_rma_get()  /global/home/users/bwilliams/ucx_x86/src/ucp/rndv/rndv.c:826
 5 0x000000000006cac6 ucp_rndv_receive()  /global/home/users/bwilliams/ucx_x86/src/ucp/rndv/rndv.c:1397
 6 0x0000000000088039 ucp_tag_rndv_process_rts()  /global/home/users/bwilliams/ucx_x86/src/ucp/tag/tag_rndv.c:49
 7 0x0000000000047650 uct_iface_invoke_am()  /global/home/users/bwilliams/ucx_x86/src/uct/base/uct_iface.h:769
 8 0x0000000000047650 uct_rc_mlx5_iface_common_am_handler()  /global/home/users/bwilliams/ucx_x86/src/uct/ib/rc/accel/rc_mlx5.inl:421
 9 0x0000000000047650 uct_rc_mlx5_iface_common_poll_rx()  /global/home/users/bwilliams/ucx_x86/src/uct/ib/rc/accel/rc_mlx5.inl:1443
10 0x0000000000047650 uct_rc_mlx5_iface_progress()  /global/home/users/bwilliams/ucx_x86/src/uct/ib/rc/accel/rc_mlx5_iface.c:173
11 0x0000000000047650 uct_rc_mlx5_iface_progress_cyclic()  /global/home/users/bwilliams/ucx_x86/src/uct/ib/rc/accel/rc_mlx5_iface.c:183
12 0x0000000000041d0a ucs_callbackq_dispatch()  /global/home/users/bwilliams/ucx_x86/src/ucs/datastruct/callbackq.h:211
13 0x0000000000041d0a uct_worker_progress()  /global/home/users/bwilliams/ucx_x86/src/uct/api/uct.h:2592
14 0x0000000000041d0a ucp_worker_progress()  /global/home/users/bwilliams/ucx_x86/src/ucp/core/ucp_worker.c:2455
15 0x000000000002ad9c opal_progress()  ???:0
16 0x000000000004ea55 ompi_request_default_wait()  ???:0
17 0x00000000000912c2 MPI_Wait()  ???:0
18 0x000000000040761f get_coll_config_info()  overlap_igather.c:0
19 0x00000000004080be time_driven_loop()  ???:0
20 0x000000000040a3dc main()  ???:0
21 0x0000000000023493 __libc_start_main()  ???:0
22 0x0000000000400f7e _start()  ???:0
=================================
[thor022:628661] *** Process received signal ***
[thor022:628661] Signal: Aborted (6)
[thor022:628661] Signal code:  (-6)
[thor022:628661] [ 0] /lib64/libpthread.so.0(+0x12c20)[0x151b5a9bac20]
[thor022:628661] [ 1] /lib64/libc.so.6(gsignal+0x10f)[0x151b5a61a37f]
[thor022:628661] [ 2] /lib64/libc.so.6(abort+0x127)[0x151b5a604db5]
[thor022:628661] [ 3] /global/home/users/bwilliams/ucx_x86/build/lib/libucs.so.0(+0x5d5b5)[0x151b4d4f85b5]
[thor022:628661] [ 4] /global/home/users/bwilliams/ucx_x86/build/lib/libucs.so.0(ucs_fatal_error_format+0xd6)[0x151b4d4f8696]
[thor022:628661] [ 5] /global/home/users/bwilliams/ucx_x86/build/lib/libucp.so.0(+0x68860)[0x151b4dae9860]
[thor022:628661] [ 6] /global/home/users/bwilliams/ucx_x86/build/lib/libucp.so.0(+0x69bf9)[0x151b4daeabf9]
[thor022:628661] [ 7] /global/home/users/bwilliams/ucx_x86/build/lib/libucp.so.0(ucp_rndv_receive+0x1b6)[0x151b4daedac6]
[thor022:628661] [ 8] /global/home/users/bwilliams/ucx_x86/build/lib/libucp.so.0(ucp_tag_rndv_process_rts+0x1b9)[0x151b4db09039]
[thor022:628661] [ 9] /global/home/users/bwilliams/ucx_x86/build/lib/ucx/libuct_ib.so.0(+0x47650)[0x151b4d00a650]
[thor022:628661] [10] /global/home/users/bwilliams/ucx_x86/build/lib/libucp.so.0(ucp_worker_progress+0x7a)[0x151b4dac2d0a]
[thor022:628661] [11] /global/home/users/bwilliams/ompi_x86/build/lib/libopen-pal.so.40(opal_progress+0x2c)[0x151b59ea8d9c]
[thor022:628661] [12] /global/home/users/bwilliams/ompi_x86/build/lib/libmpi.so.40(ompi_request_default_wait+0x105)[0x151b5ac16a55]
[thor022:628661] [13] /global/home/users/bwilliams/ompi_x86/build/lib/libmpi.so.40(PMPI_Wait+0x52)[0x151b5ac592c2]
[thor022:628661] [14] /global/home/users/bwilliams/openhpca/build/install/overlap/overlap/overlap_igather[0x40761f]
[thor022:628661] [15] /global/home/users/bwilliams/openhpca/build/install/overlap/overlap/overlap_igather[0x4080be]
[thor022:628661] [16] /global/home/users/bwilliams/openhpca/build/install/overlap/overlap/overlap_igather[0x40a3dc]
[thor022:628661] [17] /lib64/libc.so.6(__libc_start_main+0xf3)[0x151b5a606493]
[thor022:628661] [18] /global/home/users/bwilliams/openhpca/build/install/overlap/overlap/overlap_igather[0x400f7e]
[thor022:628661] *** End of error message ***
--------------------------------------------------------------------------
Primary job  terminated normally, but 1 process returned
a non-zero exit code. Per user-direction, the job has been aborted.
--------------------------------------------------------------------------
--------------------------------------------------------------------------
mpirun noticed that process rank 0 with PID 0 on node thor022 exited on signal 6 (Aborted).
--------------------------------------------------------------------------
