[node006:18744:0:18744] Caught signal 11 (Segmentation fault: invalid permissions for mapped object at address 0x1555418e5ff0)
==== backtrace (tid:  18744) ====
 0  /home/bwilliams/ucx/build/lib/libucs.so.0(ucs_handle_error+0x10c) [0x155548e7d46c]
 1  /home/bwilliams/ucx/build/lib/libucs.so.0(+0x2b7ec) [0x155548e7d7ec]
 2  /home/bwilliams/ucx/build/lib/libucs.so.0(+0x2ba64) [0x155548e7da64]
 3  /lib/x86_64-linux-gnu/libpthread.so.0(+0x12890) [0x155553e81890]
 4  /lib/x86_64-linux-gnu/libc.so.6(+0xbb71e) [0x15555492271e]
 5  /cm/shared/apps/openmpi/gcc/64/4.1.0-ucx/lib/libopen-pal.so.40(+0x4defc) [0x1555542e3efc]
 6  /cm/shared/apps/openmpi/gcc/64/4.1.0-ucx/lib/libmpi.so.40(ompi_datatype_sndrcv+0x54f) [0x155554cbd2af]
 7  /cm/shared/apps/openmpi/gcc/64/4.1.0-ucx/lib/openmpi/mca_coll_libnbc.so(ompi_coll_libnbc_iallgather+0x8d) [0x155543bddaad]
 8  /cm/shared/apps/openmpi/gcc/64/4.1.0-ucx/lib/libmpi.so.40(PMPI_Iallgather+0x1c4) [0x155554cbe1f4]
 9  /home/bwilliams/openhpca/build/install/overlap/overlap/overlap_iallgather(+0x7e32) [0x55555555be32]
10  /home/bwilliams/openhpca/build/install/overlap/overlap/overlap_iallgather(+0x8a19) [0x55555555ca19]
11  /home/bwilliams/openhpca/build/install/overlap/overlap/overlap_iallgather(+0xb0d4) [0x55555555f0d4]
12  /lib/x86_64-linux-gnu/libc.so.6(__libc_start_main+0xe7) [0x155554888b97]
13  /home/bwilliams/openhpca/build/install/overlap/overlap/overlap_iallgather(+0x109a) [0x55555555509a]
=================================
[node006:18744] *** Process received signal ***
[node006:18744] Signal: Segmentation fault (11)
[node006:18744] Signal code:  (-6)
[node006:18744] Failing at address: 0x3ed00004938
[node006:18744] [ 0] /lib/x86_64-linux-gnu/libpthread.so.0(+0x12890)[0x155553e81890]
[node006:18744] [ 1] /lib/x86_64-linux-gnu/libc.so.6(+0xbb71e)[0x15555492271e]
[node006:18744] [ 2] /cm/shared/apps/openmpi/gcc/64/4.1.0-ucx/lib/libopen-pal.so.40(+0x4defc)[0x1555542e3efc]
[node006:18744] [ 3] /cm/shared/apps/openmpi/gcc/64/4.1.0-ucx/lib/libmpi.so.40(ompi_datatype_sndrcv+0x54f)[0x155554cbd2af]
[node006:18744] [ 4] /cm/shared/apps/openmpi/gcc/64/4.1.0-ucx/lib/openmpi/mca_coll_libnbc.so(ompi_coll_libnbc_iallgather+0x8d)[0x155543bddaad]
[node006:18744] [ 5] /cm/shared/apps/openmpi/gcc/64/4.1.0-ucx/lib/libmpi.so.40(PMPI_Iallgather+0x1c4)[0x155554cbe1f4]
[node006:18744] [ 6] /home/bwilliams/openhpca/build/install/overlap/overlap/overlap_iallgather(+0x7e32)[0x55555555be32]
[node006:18744] [ 7] /home/bwilliams/openhpca/build/install/overlap/overlap/overlap_iallgather(+0x8a19)[0x55555555ca19]
[node006:18744] [ 8] /home/bwilliams/openhpca/build/install/overlap/overlap/overlap_iallgather(+0xb0d4)[0x55555555f0d4]
[node006:18744] [ 9] /lib/x86_64-linux-gnu/libc.so.6(__libc_start_main+0xe7)[0x155554888b97]
[node006:18744] [10] /home/bwilliams/openhpca/build/install/overlap/overlap/overlap_iallgather(+0x109a)[0x55555555509a]
[node006:18744] *** End of error message ***
--------------------------------------------------------------------------
Primary job  terminated normally, but 1 process returned
a non-zero exit code. Per user-direction, the job has been aborted.
--------------------------------------------------------------------------
--------------------------------------------------------------------------
mpirun noticed that process rank 3 with PID 18744 on node node006 exited on signal 11 (Segmentation fault).
--------------------------------------------------------------------------
