[node004:9497 :0:9497] Caught signal 11 (Segmentation fault: invalid permissions for mapped object at address 0x1555418e5000)
==== backtrace (tid:   9497) ====
 0  /home/bwilliams/ucx/build/lib/libucs.so.0(ucs_handle_error+0x10c) [0x155548e7d46c]
 1  /home/bwilliams/ucx/build/lib/libucs.so.0(+0x2b7ec) [0x155548e7d7ec]
 2  /home/bwilliams/ucx/build/lib/libucs.so.0(+0x2ba64) [0x155548e7da64]
 3  /lib/x86_64-linux-gnu/libpthread.so.0(+0x12890) [0x155553e81890]
 4  /lib/x86_64-linux-gnu/libc.so.6(+0xbb686) [0x155554922686]
 5  /cm/shared/apps/openmpi/gcc/64/4.1.0-ucx/lib/libopen-pal.so.40(+0x4defc) [0x1555542e3efc]
 6  /cm/shared/apps/openmpi/gcc/64/4.1.0-ucx/lib/libmpi.so.40(ompi_datatype_sndrcv+0x54f) [0x155554cbd2af]
 7  /cm/shared/apps/openmpi/gcc/64/4.1.0-ucx/lib/openmpi/mca_coll_libnbc.so(+0x6ebb) [0x155543bd8ebb]
 8  /cm/shared/apps/openmpi/gcc/64/4.1.0-ucx/lib/openmpi/mca_coll_libnbc.so(NBC_Start+0x29) [0x155543bd96f9]
 9  /cm/shared/apps/openmpi/gcc/64/4.1.0-ucx/lib/openmpi/mca_coll_libnbc.so(ompi_coll_libnbc_ialltoall+0x2a) [0x155543be262a]
10  /cm/shared/apps/openmpi/gcc/64/4.1.0-ucx/lib/libmpi.so.40(MPI_Ialltoall+0x1ce) [0x155554cbfa1e]
11  /home/bwilliams/openhpca/build/install/overlap/overlap/overlap_ialltoall(+0x7e32) [0x55555555be32]
12  /home/bwilliams/openhpca/build/install/overlap/overlap/overlap_ialltoall(+0x8a19) [0x55555555ca19]
13  /home/bwilliams/openhpca/build/install/overlap/overlap/overlap_ialltoall(+0xb0d4) [0x55555555f0d4]
14  /lib/x86_64-linux-gnu/libc.so.6(__libc_start_main+0xe7) [0x155554888b97]
15  /home/bwilliams/openhpca/build/install/overlap/overlap/overlap_ialltoall(+0x109a) [0x55555555509a]
=================================
[node004:09497] *** Process received signal ***
[node004:09497] Signal: Segmentation fault (11)
[node004:09497] Signal code:  (-6)
[node004:09497] Failing at address: 0x3ed00002519
[node004:09497] [ 0] /lib/x86_64-linux-gnu/libpthread.so.0(+0x12890)[0x155553e81890]
[node004:09497] [ 1] /lib/x86_64-linux-gnu/libc.so.6(+0xbb686)[0x155554922686]
[node004:09497] [ 2] /cm/shared/apps/openmpi/gcc/64/4.1.0-ucx/lib/libopen-pal.so.40(+0x4defc)[0x1555542e3efc]
[node004:09497] [ 3] /cm/shared/apps/openmpi/gcc/64/4.1.0-ucx/lib/libmpi.so.40(ompi_datatype_sndrcv+0x54f)[0x155554cbd2af]
[node004:09497] [ 4] /cm/shared/apps/openmpi/gcc/64/4.1.0-ucx/lib/openmpi/mca_coll_libnbc.so(+0x6ebb)[0x155543bd8ebb]
[node004:09497] [ 5] /cm/shared/apps/openmpi/gcc/64/4.1.0-ucx/lib/openmpi/mca_coll_libnbc.so(NBC_Start+0x29)[0x155543bd96f9]
[node004:09497] [ 6] /cm/shared/apps/openmpi/gcc/64/4.1.0-ucx/lib/openmpi/mca_coll_libnbc.so(ompi_coll_libnbc_ialltoall+0x2a)[0x155543be262a]
[node004:09497] [ 7] /cm/shared/apps/openmpi/gcc/64/4.1.0-ucx/lib/libmpi.so.40(MPI_Ialltoall+0x1ce)[0x155554cbfa1e]
[node004:09497] [ 8] /home/bwilliams/openhpca/build/install/overlap/overlap/overlap_ialltoall(+0x7e32)[0x55555555be32]
[node004:09497] [ 9] /home/bwilliams/openhpca/build/install/overlap/overlap/overlap_ialltoall(+0x8a19)[0x55555555ca19]
[node004:09497] [10] /home/bwilliams/openhpca/build/install/overlap/overlap/overlap_ialltoall(+0xb0d4)[0x55555555f0d4]
[node004:09497] [11] /lib/x86_64-linux-gnu/libc.so.6(__libc_start_main+0xe7)[0x155554888b97]
[node004:09497] [12] /home/bwilliams/openhpca/build/install/overlap/overlap/overlap_ialltoall(+0x109a)[0x55555555509a]
[node004:09497] *** End of error message ***
--------------------------------------------------------------------------
Primary job  terminated normally, but 1 process returned
a non-zero exit code. Per user-direction, the job has been aborted.
--------------------------------------------------------------------------
--------------------------------------------------------------------------
mpirun noticed that process rank 3 with PID 9497 on node node004 exited on signal 11 (Segmentation fault).
--------------------------------------------------------------------------
