[thor025:883917:0:883917] Caught signal 11 (Segmentation fault: invalid permissions for mapped object at address 0x152431cf3010)
[thor024:555820:0:555820] Caught signal 11 (Segmentation fault: invalid permissions for mapped object at address 0x148af6d54000)
==== backtrace (tid: 555820) ====
 0 0x0000000000012c20 .annobin_sigaction.c()  sigaction.c:0
 1 0x00000000001606d3 __memmove_avx_unaligned_erms()  :0
 2 0x000000000004280c non_overlap_copy_content_same_ddt()  opal_datatype_copy.c:0
 3 0x0000000000063288 ompi_datatype_sndrcv()  ???:0
 4 0x000000000000bdb0 nbc_allgather_init()  nbc_iallgather.c:0
 5 0x000000000000c26a ompi_coll_libnbc_iallgather()  ???:0
 6 0x0000000000064086 PMPI_Iallgather()  ???:0
 7 0x000000000040757b get_coll_config_info()  overlap_iallgather.c:0
 8 0x00000000004080a6 time_driven_loop()  ???:0
 9 0x000000000040a3be main()  ???:0
10 0x0000000000023493 __libc_start_main()  ???:0
11 0x0000000000400f7e _start()  ???:0
=================================
[thor024:555820] *** Process received signal ***
[thor024:555820] Signal: Segmentation fault (11)
[thor024:555820] Signal code:  (-6)
[thor024:555820] Failing at address: 0x276e00087b2c
[thor024:555820] [ 0] /lib64/libpthread.so.0(+0x12c20)[0x148b0fd9fc20]
[thor024:555820] [ 1] /lib64/libc.so.6(+0x1606d3)[0x148b0fb286d3]
[thor024:555820] [ 2] /global/home/users/bwilliams/ompi_x86/build/lib/libopen-pal.so.40(+0x4280c)[0x148b0f2a580c]
[thor024:555820] [ 3] /global/home/users/bwilliams/ompi_x86/build/lib/libmpi.so.40(ompi_datatype_sndrcv+0x4f8)[0x148b10010288]
[thor024:555820] [ 4] /global/home/users/bwilliams/ompi_x86/build/lib/openmpi/mca_coll_libnbc.so(+0xbdb0)[0x148afc6efdb0]
[thor024:555820] [ 5] /global/home/users/bwilliams/ompi_x86/build/lib/openmpi/mca_coll_libnbc.so(ompi_coll_libnbc_iallgather+0x1a)[0x148afc6f026a]
[thor024:555820] [ 6] /global/home/users/bwilliams/ompi_x86/build/lib/libmpi.so.40(PMPI_Iallgather+0x106)[0x148b10011086]
[thor024:555820] [ 7] /global/home/users/bwilliams/openhpca/build/install/overlap/overlap/overlap_iallgather[0x40757b]
[thor024:555820] [ 8] /global/home/users/bwilliams/openhpca/build/install/overlap/overlap/overlap_iallgather[0x4080a6]
[thor024:555820] [ 9] /global/home/users/bwilliams/openhpca/build/install/overlap/overlap/overlap_iallgather[0x40a3be]
[thor024:555820] [10] /lib64/libc.so.6(__libc_start_main+0xf3)[0x148b0f9eb493]
[thor024:555820] [11] /global/home/users/bwilliams/openhpca/build/install/overlap/overlap/overlap_iallgather[0x400f7e]
[thor024:555820] *** End of error message ***
--------------------------------------------------------------------------
Primary job  terminated normally, but 1 process returned
a non-zero exit code. Per user-direction, the job has been aborted.
--------------------------------------------------------------------------
==== backtrace (tid: 883917) ====
 0 0x0000000000012c20 .annobin_sigaction.c()  sigaction.c:0
 1 0x00000000001606d3 __memmove_avx_unaligned_erms()  :0
 2 0x000000000004280c non_overlap_copy_content_same_ddt()  opal_datatype_copy.c:0
 3 0x0000000000063288 ompi_datatype_sndrcv()  ???:0
 4 0x000000000000bdb0 nbc_allgather_init()  nbc_iallgather.c:0
 5 0x000000000000c26a ompi_coll_libnbc_iallgather()  ???:0
 6 0x0000000000064086 PMPI_Iallgather()  ???:0
 7 0x000000000040757b get_coll_config_info()  overlap_iallgather.c:0
 8 0x00000000004080a6 time_driven_loop()  ???:0
 9 0x000000000040a3be main()  ???:0
10 0x0000000000023493 __libc_start_main()  ???:0
11 0x0000000000400f7e _start()  ???:0
=================================
[thor025:883917] *** Process received signal ***
[thor025:883917] Signal: Segmentation fault (11)
[thor025:883917] Signal code:  (-6)
[thor025:883917] Failing at address: 0x276e000d7ccd
[thor025:883917] [ 0] /lib64/libpthread.so.0(+0x12c20)[0x15244a86dc20]
[thor025:883917] [ 1] /lib64/libc.so.6(+0x1606d3)[0x15244a5f66d3]
[thor025:883917] [ 2] /global/home/users/bwilliams/ompi_x86/build/lib/libopen-pal.so.40(+0x4280c)[0x152449d7380c]
[thor025:883917] [ 3] /global/home/users/bwilliams/ompi_x86/build/lib/libmpi.so.40(ompi_datatype_sndrcv+0x4f8)[0x15244aade288]
[thor025:883917] [ 4] /global/home/users/bwilliams/ompi_x86/build/lib/openmpi/mca_coll_libnbc.so(+0xbdb0)[0x1524371abdb0]
[thor025:883917] [ 5] /global/home/users/bwilliams/ompi_x86/build/lib/openmpi/mca_coll_libnbc.so(ompi_coll_libnbc_iallgather+0x1a)[0x1524371ac26a]
[thor025:883917] [ 6] /global/home/users/bwilliams/ompi_x86/build/lib/libmpi.so.40(PMPI_Iallgather+0x106)[0x15244aadf086]
[thor025:883917] [ 7] /global/home/users/bwilliams/openhpca/build/install/overlap/overlap/overlap_iallgather[0x40757b]
[thor025:883917] [ 8] /global/home/users/bwilliams/openhpca/build/install/overlap/overlap/overlap_iallgather[0x4080a6]
[thor025:883917] [ 9] /global/home/users/bwilliams/openhpca/build/install/overlap/overlap/overlap_iallgather[0x40a3be]
[thor025:883917] [10] /lib64/libc.so.6(__libc_start_main+0xf3)[0x15244a4b9493]
[thor025:883917] [11] /global/home/users/bwilliams/openhpca/build/install/overlap/overlap/overlap_iallgather[0x400f7e]
[thor025:883917] *** End of error message ***
--------------------------------------------------------------------------
mpirun noticed that process rank 2 with PID 555820 on node thor024 exited on signal 11 (Segmentation fault).
--------------------------------------------------------------------------
